<?xml version="1.0" encoding="UTF-8"?>
<!-- Generated by org.testng.reporters.JUnitReportReporter -->
<testsuite hostname="Ziyad-pc" name="assignment.SingInCnn" tests="1" failures="0" timestamp="4 Aug 2013 16:26:25 GMT" time="51.250" errors="0">
  <testcase name="test1" time="51.250" classname="assignment.SingInCnn"/>
</testsuite> <!-- assignment.SingInCnn -->
